<?xml version="1.0" encoding="UTF-8"?>
<testsuite xmlns:xsi="http://www.w3.org/2001/XMLSchema-instance" xsi:noNamespaceSchemaLocation="https://maven.apache.org/surefire/maven-surefire-plugin/xsd/surefire-test-report-3.0.xsd" version="3.0" name="com.avow.task.manager.ApplicationTests" time="1.729" tests="1" errors="0" skipped="0" failures="0">
  <properties>
    <property name="java.specification.version" value="18"/>
    <property name="sun.jnu.encoding" value="UTF-8"/>
    <property name="java.class.path" value="/Users/ifeanyionyejekwe/Downloads/task.manager/target/test-classes:/Users/ifeanyionyejekwe/Downloads/task.manager/target/classes:/Users/ifeanyionyejekwe/.m2/repository/org/springframework/boot/spring-boot-starter-data-r2dbc/3.2.0/spring-boot-starter-data-r2dbc-3.2.0.jar:/Users/ifeanyionyejekwe/.m2/repository/org/springframework/boot/spring-boot-starter/3.2.0/spring-boot-starter-3.2.0.jar:/Users/ifeanyionyejekwe/.m2/repository/org/springframework/boot/spring-boot-starter-logging/3.2.0/spring-boot-starter-logging-3.2.0.jar:/Users/ifeanyionyejekwe/.m2/repository/ch/qos/logback/logback-classic/1.4.11/logback-classic-1.4.11.jar:/Users/ifeanyionyejekwe/.m2/repository/ch/qos/logback/logback-core/1.4.11/logback-core-1.4.11.jar:/Users/ifeanyionyejekwe/.m2/repository/org/apache/logging/log4j/log4j-to-slf4j/2.21.1/log4j-to-slf4j-2.21.1.jar:/Users/ifeanyionyejekwe/.m2/repository/org/apache/logging/log4j/log4j-api/2.21.1/log4j-api-2.21.1.jar:/Users/ifeanyionyejekwe/.m2/repository/org/slf4j/jul-to-slf4j/2.0.9/jul-to-slf4j-2.0.9.jar:/Users/ifeanyionyejekwe/.m2/repository/jakarta/annotation/jakarta.annotation-api/2.1.1/jakarta.annotation-api-2.1.1.jar:/Users/ifeanyionyejekwe/.m2/repository/org/yaml/snakeyaml/2.2/snakeyaml-2.2.jar:/Users/ifeanyionyejekwe/.m2/repository/org/springframework/data/spring-data-r2dbc/3.2.0/spring-data-r2dbc-3.2.0.jar:/Users/ifeanyionyejekwe/.m2/repository/org/springframework/data/spring-data-relational/3.2.0/spring-data-relational-3.2.0.jar:/Users/ifeanyionyejekwe/.m2/repository/com/github/jsqlparser/jsqlparser/4.6/jsqlparser-4.6.jar:/Users/ifeanyionyejekwe/.m2/repository/org/springframework/data/spring-data-commons/3.2.0/spring-data-commons-3.2.0.jar:/Users/ifeanyionyejekwe/.m2/repository/org/springframework/spring-tx/6.1.1/spring-tx-6.1.1.jar:/Users/ifeanyionyejekwe/.m2/repository/org/springframework/spring-context/6.1.1/spring-context-6.1.1.jar:/Users/ifeanyionyejekwe/.m2/repository/org/springframework/spring-aop/6.1.1/spring-aop-6.1.1.jar:/Users/ifeanyionyejekwe/.m2/repository/org/springframework/spring-expression/6.1.1/spring-expression-6.1.1.jar:/Users/ifeanyionyejekwe/.m2/repository/org/springframework/spring-beans/6.1.1/spring-beans-6.1.1.jar:/Users/ifeanyionyejekwe/.m2/repository/org/springframework/spring-jdbc/6.1.1/spring-jdbc-6.1.1.jar:/Users/ifeanyionyejekwe/.m2/repository/org/springframework/spring-r2dbc/6.1.1/spring-r2dbc-6.1.1.jar:/Users/ifeanyionyejekwe/.m2/repository/org/slf4j/slf4j-api/2.0.9/slf4j-api-2.0.9.jar:/Users/ifeanyionyejekwe/.m2/repository/io/r2dbc/r2dbc-spi/1.0.0.RELEASE/r2dbc-spi-1.0.0.RELEASE.jar:/Users/ifeanyionyejekwe/.m2/repository/org/reactivestreams/reactive-streams/1.0.4/reactive-streams-1.0.4.jar:/Users/ifeanyionyejekwe/.m2/repository/io/r2dbc/r2dbc-pool/1.0.1.RELEASE/r2dbc-pool-1.0.1.RELEASE.jar:/Users/ifeanyionyejekwe/.m2/repository/io/projectreactor/addons/reactor-pool/1.0.3/reactor-pool-1.0.3.jar:/Users/ifeanyionyejekwe/.m2/repository/org/springframework/boot/spring-boot-starter-webflux/3.2.0/spring-boot-starter-webflux-3.2.0.jar:/Users/ifeanyionyejekwe/.m2/repository/org/springframework/boot/spring-boot-starter-json/3.2.0/spring-boot-starter-json-3.2.0.jar:/Users/ifeanyionyejekwe/.m2/repository/com/fasterxml/jackson/core/jackson-databind/2.15.3/jackson-databind-2.15.3.jar:/Users/ifeanyionyejekwe/.m2/repository/com/fasterxml/jackson/core/jackson-annotations/2.15.3/jackson-annotations-2.15.3.jar:/Users/ifeanyionyejekwe/.m2/repository/com/fasterxml/jackson/core/jackson-core/2.15.3/jackson-core-2.15.3.jar:/Users/ifeanyionyejekwe/.m2/repository/com/fasterxml/jackson/datatype/jackson-datatype-jdk8/2.15.3/jackson-datatype-jdk8-2.15.3.jar:/Users/ifeanyionyejekwe/.m2/repository/com/fasterxml/jackson/datatype/jackson-datatype-jsr310/2.15.3/jackson-datatype-jsr310-2.15.3.jar:/Users/ifeanyionyejekwe/.m2/repository/com/fasterxml/jackson/module/jackson-module-parameter-names/2.15.3/jackson-module-parameter-names-2.15.3.jar:/Users/ifeanyionyejekwe/.m2/repository/org/springframework/boot/spring-boot-starter-reactor-netty/3.2.0/spring-boot-starter-reactor-netty-3.2.0.jar:/Users/ifeanyionyejekwe/.m2/repository/io/projectreactor/netty/reactor-netty-http/1.1.13/reactor-netty-http-1.1.13.jar:/Users/ifeanyionyejekwe/.m2/repository/io/netty/netty-codec-http/4.1.101.Final/netty-codec-http-4.1.101.Final.jar:/Users/ifeanyionyejekwe/.m2/repository/io/netty/netty-common/4.1.101.Final/netty-common-4.1.101.Final.jar:/Users/ifeanyionyejekwe/.m2/repository/io/netty/netty-buffer/4.1.101.Final/netty-buffer-4.1.101.Final.jar:/Users/ifeanyionyejekwe/.m2/repository/io/netty/netty-transport/4.1.101.Final/netty-transport-4.1.101.Final.jar:/Users/ifeanyionyejekwe/.m2/repository/io/netty/netty-codec/4.1.101.Final/netty-codec-4.1.101.Final.jar:/Users/ifeanyionyejekwe/.m2/repository/io/netty/netty-handler/4.1.101.Final/netty-handler-4.1.101.Final.jar:/Users/ifeanyionyejekwe/.m2/repository/io/netty/netty-codec-http2/4.1.101.Final/netty-codec-http2-4.1.101.Final.jar:/Users/ifeanyionyejekwe/.m2/repository/io/netty/netty-resolver-dns/4.1.101.Final/netty-resolver-dns-4.1.101.Final.jar:/Users/ifeanyionyejekwe/.m2/repository/io/netty/netty-resolver/4.1.101.Final/netty-resolver-4.1.101.Final.jar:/Users/ifeanyionyejekwe/.m2/repository/io/netty/netty-codec-dns/4.1.101.Final/netty-codec-dns-4.1.101.Final.jar:/Users/ifeanyionyejekwe/.m2/repository/io/netty/netty-resolver-dns-native-macos/4.1.101.Final/netty-resolver-dns-native-macos-4.1.101.Final-osx-x86_64.jar:/Users/ifeanyionyejekwe/.m2/repository/io/netty/netty-resolver-dns-classes-macos/4.1.101.Final/netty-resolver-dns-classes-macos-4.1.101.Final.jar:/Users/ifeanyionyejekwe/.m2/repository/io/netty/netty-transport-native-epoll/4.1.101.Final/netty-transport-native-epoll-4.1.101.Final-linux-x86_64.jar:/Users/ifeanyionyejekwe/.m2/repository/io/netty/netty-transport-native-unix-common/4.1.101.Final/netty-transport-native-unix-common-4.1.101.Final.jar:/Users/ifeanyionyejekwe/.m2/repository/io/netty/netty-transport-classes-epoll/4.1.101.Final/netty-transport-classes-epoll-4.1.101.Final.jar:/Users/ifeanyionyejekwe/.m2/repository/io/projectreactor/netty/reactor-netty-core/1.1.13/reactor-netty-core-1.1.13.jar:/Users/ifeanyionyejekwe/.m2/repository/io/netty/netty-handler-proxy/4.1.101.Final/netty-handler-proxy-4.1.101.Final.jar:/Users/ifeanyionyejekwe/.m2/repository/io/netty/netty-codec-socks/4.1.101.Final/netty-codec-socks-4.1.101.Final.jar:/Users/ifeanyionyejekwe/.m2/repository/org/springframework/spring-web/6.1.1/spring-web-6.1.1.jar:/Users/ifeanyionyejekwe/.m2/repository/io/micrometer/micrometer-observation/1.12.0/micrometer-observation-1.12.0.jar:/Users/ifeanyionyejekwe/.m2/repository/io/micrometer/micrometer-commons/1.12.0/micrometer-commons-1.12.0.jar:/Users/ifeanyionyejekwe/.m2/repository/org/springframework/spring-webflux/6.1.1/spring-webflux-6.1.1.jar:/Users/ifeanyionyejekwe/.m2/repository/org/springframework/boot/spring-boot-devtools/3.2.0/spring-boot-devtools-3.2.0.jar:/Users/ifeanyionyejekwe/.m2/repository/org/springframework/boot/spring-boot/3.2.0/spring-boot-3.2.0.jar:/Users/ifeanyionyejekwe/.m2/repository/org/springframework/boot/spring-boot-autoconfigure/3.2.0/spring-boot-autoconfigure-3.2.0.jar:/Users/ifeanyionyejekwe/.m2/repository/com/h2database/h2/2.2.224/h2-2.2.224.jar:/Users/ifeanyionyejekwe/.m2/repository/io/r2dbc/r2dbc-h2/1.0.0.RELEASE/r2dbc-h2-1.0.0.RELEASE.jar:/Users/ifeanyionyejekwe/.m2/repository/io/projectreactor/reactor-core/3.6.0/reactor-core-3.6.0.jar:/Users/ifeanyionyejekwe/.m2/repository/org/projectlombok/lombok/1.18.30/lombok-1.18.30.jar:/Users/ifeanyionyejekwe/.m2/repository/org/springframework/boot/spring-boot-starter-test/3.2.0/spring-boot-starter-test-3.2.0.jar:/Users/ifeanyionyejekwe/.m2/repository/org/springframework/boot/spring-boot-test/3.2.0/spring-boot-test-3.2.0.jar:/Users/ifeanyionyejekwe/.m2/repository/org/springframework/boot/spring-boot-test-autoconfigure/3.2.0/spring-boot-test-autoconfigure-3.2.0.jar:/Users/ifeanyionyejekwe/.m2/repository/com/jayway/jsonpath/json-path/2.8.0/json-path-2.8.0.jar:/Users/ifeanyionyejekwe/.m2/repository/jakarta/xml/bind/jakarta.xml.bind-api/4.0.1/jakarta.xml.bind-api-4.0.1.jar:/Users/ifeanyionyejekwe/.m2/repository/jakarta/activation/jakarta.activation-api/2.1.2/jakarta.activation-api-2.1.2.jar:/Users/ifeanyionyejekwe/.m2/repository/net/minidev/json-smart/2.5.0/json-smart-2.5.0.jar:/Users/ifeanyionyejekwe/.m2/repository/net/minidev/accessors-smart/2.5.0/accessors-smart-2.5.0.jar:/Users/ifeanyionyejekwe/.m2/repository/org/ow2/asm/asm/9.3/asm-9.3.jar:/Users/ifeanyionyejekwe/.m2/repository/org/assertj/assertj-core/3.24.2/assertj-core-3.24.2.jar:/Users/ifeanyionyejekwe/.m2/repository/net/bytebuddy/byte-buddy/1.14.10/byte-buddy-1.14.10.jar:/Users/ifeanyionyejekwe/.m2/repository/org/awaitility/awaitility/4.2.0/awaitility-4.2.0.jar:/Users/ifeanyionyejekwe/.m2/repository/org/hamcrest/hamcrest/2.2/hamcrest-2.2.jar:/Users/ifeanyionyejekwe/.m2/repository/org/junit/jupiter/junit-jupiter/5.10.1/junit-jupiter-5.10.1.jar:/Users/ifeanyionyejekwe/.m2/repository/org/junit/jupiter/junit-jupiter-api/5.10.1/junit-jupiter-api-5.10.1.jar:/Users/ifeanyionyejekwe/.m2/repository/org/opentest4j/opentest4j/1.3.0/opentest4j-1.3.0.jar:/Users/ifeanyionyejekwe/.m2/repository/org/junit/platform/junit-platform-commons/1.10.1/junit-platform-commons-1.10.1.jar:/Users/ifeanyionyejekwe/.m2/repository/org/apiguardian/apiguardian-api/1.1.2/apiguardian-api-1.1.2.jar:/Users/ifeanyionyejekwe/.m2/repository/org/junit/jupiter/junit-jupiter-params/5.10.1/junit-jupiter-params-5.10.1.jar:/Users/ifeanyionyejekwe/.m2/repository/org/junit/jupiter/junit-jupiter-engine/5.10.1/junit-jupiter-engine-5.10.1.jar:/Users/ifeanyionyejekwe/.m2/repository/org/junit/platform/junit-platform-engine/1.10.1/junit-platform-engine-1.10.1.jar:/Users/ifeanyionyejekwe/.m2/repository/org/mockito/mockito-core/5.7.0/mockito-core-5.7.0.jar:/Users/ifeanyionyejekwe/.m2/repository/net/bytebuddy/byte-buddy-agent/1.14.10/byte-buddy-agent-1.14.10.jar:/Users/ifeanyionyejekwe/.m2/repository/org/objenesis/objenesis/3.3/objenesis-3.3.jar:/Users/ifeanyionyejekwe/.m2/repository/org/mockito/mockito-junit-jupiter/5.7.0/mockito-junit-jupiter-5.7.0.jar:/Users/ifeanyionyejekwe/.m2/repository/org/skyscreamer/jsonassert/1.5.1/jsonassert-1.5.1.jar:/Users/ifeanyionyejekwe/.m2/repository/com/vaadin/external/google/android-json/0.0.20131108.vaadin1/android-json-0.0.20131108.vaadin1.jar:/Users/ifeanyionyejekwe/.m2/repository/org/springframework/spring-core/6.1.1/spring-core-6.1.1.jar:/Users/ifeanyionyejekwe/.m2/repository/org/springframework/spring-jcl/6.1.1/spring-jcl-6.1.1.jar:/Users/ifeanyionyejekwe/.m2/repository/org/springframework/spring-test/6.1.1/spring-test-6.1.1.jar:/Users/ifeanyionyejekwe/.m2/repository/org/xmlunit/xmlunit-core/2.9.1/xmlunit-core-2.9.1.jar:/Users/ifeanyionyejekwe/.m2/repository/io/projectreactor/reactor-test/3.6.0/reactor-test-3.6.0.jar:"/>
    <property name="java.vm.vendor" value="Homebrew"/>
    <property name="sun.arch.data.model" value="64"/>
    <property name="java.vendor.url" value="https://github.com/Homebrew/homebrew-core/issues"/>
    <property name="user.timezone" value="Europe/Berlin"/>
    <property name="os.name" value="Mac OS X"/>
    <property name="java.vm.specification.version" value="18"/>
    <property name="sun.java.launcher" value="SUN_STANDARD"/>
    <property name="user.country" value="NG"/>
    <property name="sun.boot.library.path" value="/opt/homebrew/Cellar/openjdk/18.0.1.1/libexec/openjdk.jdk/Contents/Home/lib"/>
    <property name="sun.java.command" value="/Users/ifeanyionyejekwe/Downloads/task.manager/target/surefire/surefirebooter-20231206202020305_3.jar /Users/ifeanyionyejekwe/Downloads/task.manager/target/surefire 2023-12-06T20-20-20_261-jvmRun1 surefire-20231206202020305_1tmp surefire_0-20231206202020305_2tmp"/>
    <property name="http.nonProxyHosts" value="local|*.local|169.254/16|*.169.254/16"/>
    <property name="jdk.debug" value="release"/>
    <property name="surefire.test.class.path" value="/Users/ifeanyionyejekwe/Downloads/task.manager/target/test-classes:/Users/ifeanyionyejekwe/Downloads/task.manager/target/classes:/Users/ifeanyionyejekwe/.m2/repository/org/springframework/boot/spring-boot-starter-data-r2dbc/3.2.0/spring-boot-starter-data-r2dbc-3.2.0.jar:/Users/ifeanyionyejekwe/.m2/repository/org/springframework/boot/spring-boot-starter/3.2.0/spring-boot-starter-3.2.0.jar:/Users/ifeanyionyejekwe/.m2/repository/org/springframework/boot/spring-boot-starter-logging/3.2.0/spring-boot-starter-logging-3.2.0.jar:/Users/ifeanyionyejekwe/.m2/repository/ch/qos/logback/logback-classic/1.4.11/logback-classic-1.4.11.jar:/Users/ifeanyionyejekwe/.m2/repository/ch/qos/logback/logback-core/1.4.11/logback-core-1.4.11.jar:/Users/ifeanyionyejekwe/.m2/repository/org/apache/logging/log4j/log4j-to-slf4j/2.21.1/log4j-to-slf4j-2.21.1.jar:/Users/ifeanyionyejekwe/.m2/repository/org/apache/logging/log4j/log4j-api/2.21.1/log4j-api-2.21.1.jar:/Users/ifeanyionyejekwe/.m2/repository/org/slf4j/jul-to-slf4j/2.0.9/jul-to-slf4j-2.0.9.jar:/Users/ifeanyionyejekwe/.m2/repository/jakarta/annotation/jakarta.annotation-api/2.1.1/jakarta.annotation-api-2.1.1.jar:/Users/ifeanyionyejekwe/.m2/repository/org/yaml/snakeyaml/2.2/snakeyaml-2.2.jar:/Users/ifeanyionyejekwe/.m2/repository/org/springframework/data/spring-data-r2dbc/3.2.0/spring-data-r2dbc-3.2.0.jar:/Users/ifeanyionyejekwe/.m2/repository/org/springframework/data/spring-data-relational/3.2.0/spring-data-relational-3.2.0.jar:/Users/ifeanyionyejekwe/.m2/repository/com/github/jsqlparser/jsqlparser/4.6/jsqlparser-4.6.jar:/Users/ifeanyionyejekwe/.m2/repository/org/springframework/data/spring-data-commons/3.2.0/spring-data-commons-3.2.0.jar:/Users/ifeanyionyejekwe/.m2/repository/org/springframework/spring-tx/6.1.1/spring-tx-6.1.1.jar:/Users/ifeanyionyejekwe/.m2/repository/org/springframework/spring-context/6.1.1/spring-context-6.1.1.jar:/Users/ifeanyionyejekwe/.m2/repository/org/springframework/spring-aop/6.1.1/spring-aop-6.1.1.jar:/Users/ifeanyionyejekwe/.m2/repository/org/springframework/spring-expression/6.1.1/spring-expression-6.1.1.jar:/Users/ifeanyionyejekwe/.m2/repository/org/springframework/spring-beans/6.1.1/spring-beans-6.1.1.jar:/Users/ifeanyionyejekwe/.m2/repository/org/springframework/spring-jdbc/6.1.1/spring-jdbc-6.1.1.jar:/Users/ifeanyionyejekwe/.m2/repository/org/springframework/spring-r2dbc/6.1.1/spring-r2dbc-6.1.1.jar:/Users/ifeanyionyejekwe/.m2/repository/org/slf4j/slf4j-api/2.0.9/slf4j-api-2.0.9.jar:/Users/ifeanyionyejekwe/.m2/repository/io/r2dbc/r2dbc-spi/1.0.0.RELEASE/r2dbc-spi-1.0.0.RELEASE.jar:/Users/ifeanyionyejekwe/.m2/repository/org/reactivestreams/reactive-streams/1.0.4/reactive-streams-1.0.4.jar:/Users/ifeanyionyejekwe/.m2/repository/io/r2dbc/r2dbc-pool/1.0.1.RELEASE/r2dbc-pool-1.0.1.RELEASE.jar:/Users/ifeanyionyejekwe/.m2/repository/io/projectreactor/addons/reactor-pool/1.0.3/reactor-pool-1.0.3.jar:/Users/ifeanyionyejekwe/.m2/repository/org/springframework/boot/spring-boot-starter-webflux/3.2.0/spring-boot-starter-webflux-3.2.0.jar:/Users/ifeanyionyejekwe/.m2/repository/org/springframework/boot/spring-boot-starter-json/3.2.0/spring-boot-starter-json-3.2.0.jar:/Users/ifeanyionyejekwe/.m2/repository/com/fasterxml/jackson/core/jackson-databind/2.15.3/jackson-databind-2.15.3.jar:/Users/ifeanyionyejekwe/.m2/repository/com/fasterxml/jackson/core/jackson-annotations/2.15.3/jackson-annotations-2.15.3.jar:/Users/ifeanyionyejekwe/.m2/repository/com/fasterxml/jackson/core/jackson-core/2.15.3/jackson-core-2.15.3.jar:/Users/ifeanyionyejekwe/.m2/repository/com/fasterxml/jackson/datatype/jackson-datatype-jdk8/2.15.3/jackson-datatype-jdk8-2.15.3.jar:/Users/ifeanyionyejekwe/.m2/repository/com/fasterxml/jackson/datatype/jackson-datatype-jsr310/2.15.3/jackson-datatype-jsr310-2.15.3.jar:/Users/ifeanyionyejekwe/.m2/repository/com/fasterxml/jackson/module/jackson-module-parameter-names/2.15.3/jackson-module-parameter-names-2.15.3.jar:/Users/ifeanyionyejekwe/.m2/repository/org/springframework/boot/spring-boot-starter-reactor-netty/3.2.0/spring-boot-starter-reactor-netty-3.2.0.jar:/Users/ifeanyionyejekwe/.m2/repository/io/projectreactor/netty/reactor-netty-http/1.1.13/reactor-netty-http-1.1.13.jar:/Users/ifeanyionyejekwe/.m2/repository/io/netty/netty-codec-http/4.1.101.Final/netty-codec-http-4.1.101.Final.jar:/Users/ifeanyionyejekwe/.m2/repository/io/netty/netty-common/4.1.101.Final/netty-common-4.1.101.Final.jar:/Users/ifeanyionyejekwe/.m2/repository/io/netty/netty-buffer/4.1.101.Final/netty-buffer-4.1.101.Final.jar:/Users/ifeanyionyejekwe/.m2/repository/io/netty/netty-transport/4.1.101.Final/netty-transport-4.1.101.Final.jar:/Users/ifeanyionyejekwe/.m2/repository/io/netty/netty-codec/4.1.101.Final/netty-codec-4.1.101.Final.jar:/Users/ifeanyionyejekwe/.m2/repository/io/netty/netty-handler/4.1.101.Final/netty-handler-4.1.101.Final.jar:/Users/ifeanyionyejekwe/.m2/repository/io/netty/netty-codec-http2/4.1.101.Final/netty-codec-http2-4.1.101.Final.jar:/Users/ifeanyionyejekwe/.m2/repository/io/netty/netty-resolver-dns/4.1.101.Final/netty-resolver-dns-4.1.101.Final.jar:/Users/ifeanyionyejekwe/.m2/repository/io/netty/netty-resolver/4.1.101.Final/netty-resolver-4.1.101.Final.jar:/Users/ifeanyionyejekwe/.m2/repository/io/netty/netty-codec-dns/4.1.101.Final/netty-codec-dns-4.1.101.Final.jar:/Users/ifeanyionyejekwe/.m2/repository/io/netty/netty-resolver-dns-native-macos/4.1.101.Final/netty-resolver-dns-native-macos-4.1.101.Final-osx-x86_64.jar:/Users/ifeanyionyejekwe/.m2/repository/io/netty/netty-resolver-dns-classes-macos/4.1.101.Final/netty-resolver-dns-classes-macos-4.1.101.Final.jar:/Users/ifeanyionyejekwe/.m2/repository/io/netty/netty-transport-native-epoll/4.1.101.Final/netty-transport-native-epoll-4.1.101.Final-linux-x86_64.jar:/Users/ifeanyionyejekwe/.m2/repository/io/netty/netty-transport-native-unix-common/4.1.101.Final/netty-transport-native-unix-common-4.1.101.Final.jar:/Users/ifeanyionyejekwe/.m2/repository/io/netty/netty-transport-classes-epoll/4.1.101.Final/netty-transport-classes-epoll-4.1.101.Final.jar:/Users/ifeanyionyejekwe/.m2/repository/io/projectreactor/netty/reactor-netty-core/1.1.13/reactor-netty-core-1.1.13.jar:/Users/ifeanyionyejekwe/.m2/repository/io/netty/netty-handler-proxy/4.1.101.Final/netty-handler-proxy-4.1.101.Final.jar:/Users/ifeanyionyejekwe/.m2/repository/io/netty/netty-codec-socks/4.1.101.Final/netty-codec-socks-4.1.101.Final.jar:/Users/ifeanyionyejekwe/.m2/repository/org/springframework/spring-web/6.1.1/spring-web-6.1.1.jar:/Users/ifeanyionyejekwe/.m2/repository/io/micrometer/micrometer-observation/1.12.0/micrometer-observation-1.12.0.jar:/Users/ifeanyionyejekwe/.m2/repository/io/micrometer/micrometer-commons/1.12.0/micrometer-commons-1.12.0.jar:/Users/ifeanyionyejekwe/.m2/repository/org/springframework/spring-webflux/6.1.1/spring-webflux-6.1.1.jar:/Users/ifeanyionyejekwe/.m2/repository/org/springframework/boot/spring-boot-devtools/3.2.0/spring-boot-devtools-3.2.0.jar:/Users/ifeanyionyejekwe/.m2/repository/org/springframework/boot/spring-boot/3.2.0/spring-boot-3.2.0.jar:/Users/ifeanyionyejekwe/.m2/repository/org/springframework/boot/spring-boot-autoconfigure/3.2.0/spring-boot-autoconfigure-3.2.0.jar:/Users/ifeanyionyejekwe/.m2/repository/com/h2database/h2/2.2.224/h2-2.2.224.jar:/Users/ifeanyionyejekwe/.m2/repository/io/r2dbc/r2dbc-h2/1.0.0.RELEASE/r2dbc-h2-1.0.0.RELEASE.jar:/Users/ifeanyionyejekwe/.m2/repository/io/projectreactor/reactor-core/3.6.0/reactor-core-3.6.0.jar:/Users/ifeanyionyejekwe/.m2/repository/org/projectlombok/lombok/1.18.30/lombok-1.18.30.jar:/Users/ifeanyionyejekwe/.m2/repository/org/springframework/boot/spring-boot-starter-test/3.2.0/spring-boot-starter-test-3.2.0.jar:/Users/ifeanyionyejekwe/.m2/repository/org/springframework/boot/spring-boot-test/3.2.0/spring-boot-test-3.2.0.jar:/Users/ifeanyionyejekwe/.m2/repository/org/springframework/boot/spring-boot-test-autoconfigure/3.2.0/spring-boot-test-autoconfigure-3.2.0.jar:/Users/ifeanyionyejekwe/.m2/repository/com/jayway/jsonpath/json-path/2.8.0/json-path-2.8.0.jar:/Users/ifeanyionyejekwe/.m2/repository/jakarta/xml/bind/jakarta.xml.bind-api/4.0.1/jakarta.xml.bind-api-4.0.1.jar:/Users/ifeanyionyejekwe/.m2/repository/jakarta/activation/jakarta.activation-api/2.1.2/jakarta.activation-api-2.1.2.jar:/Users/ifeanyionyejekwe/.m2/repository/net/minidev/json-smart/2.5.0/json-smart-2.5.0.jar:/Users/ifeanyionyejekwe/.m2/repository/net/minidev/accessors-smart/2.5.0/accessors-smart-2.5.0.jar:/Users/ifeanyionyejekwe/.m2/repository/org/ow2/asm/asm/9.3/asm-9.3.jar:/Users/ifeanyionyejekwe/.m2/repository/org/assertj/assertj-core/3.24.2/assertj-core-3.24.2.jar:/Users/ifeanyionyejekwe/.m2/repository/net/bytebuddy/byte-buddy/1.14.10/byte-buddy-1.14.10.jar:/Users/ifeanyionyejekwe/.m2/repository/org/awaitility/awaitility/4.2.0/awaitility-4.2.0.jar:/Users/ifeanyionyejekwe/.m2/repository/org/hamcrest/hamcrest/2.2/hamcrest-2.2.jar:/Users/ifeanyionyejekwe/.m2/repository/org/junit/jupiter/junit-jupiter/5.10.1/junit-jupiter-5.10.1.jar:/Users/ifeanyionyejekwe/.m2/repository/org/junit/jupiter/junit-jupiter-api/5.10.1/junit-jupiter-api-5.10.1.jar:/Users/ifeanyionyejekwe/.m2/repository/org/opentest4j/opentest4j/1.3.0/opentest4j-1.3.0.jar:/Users/ifeanyionyejekwe/.m2/repository/org/junit/platform/junit-platform-commons/1.10.1/junit-platform-commons-1.10.1.jar:/Users/ifeanyionyejekwe/.m2/repository/org/apiguardian/apiguardian-api/1.1.2/apiguardian-api-1.1.2.jar:/Users/ifeanyionyejekwe/.m2/repository/org/junit/jupiter/junit-jupiter-params/5.10.1/junit-jupiter-params-5.10.1.jar:/Users/ifeanyionyejekwe/.m2/repository/org/junit/jupiter/junit-jupiter-engine/5.10.1/junit-jupiter-engine-5.10.1.jar:/Users/ifeanyionyejekwe/.m2/repository/org/junit/platform/junit-platform-engine/1.10.1/junit-platform-engine-1.10.1.jar:/Users/ifeanyionyejekwe/.m2/repository/org/mockito/mockito-core/5.7.0/mockito-core-5.7.0.jar:/Users/ifeanyionyejekwe/.m2/repository/net/bytebuddy/byte-buddy-agent/1.14.10/byte-buddy-agent-1.14.10.jar:/Users/ifeanyionyejekwe/.m2/repository/org/objenesis/objenesis/3.3/objenesis-3.3.jar:/Users/ifeanyionyejekwe/.m2/repository/org/mockito/mockito-junit-jupiter/5.7.0/mockito-junit-jupiter-5.7.0.jar:/Users/ifeanyionyejekwe/.m2/repository/org/skyscreamer/jsonassert/1.5.1/jsonassert-1.5.1.jar:/Users/ifeanyionyejekwe/.m2/repository/com/vaadin/external/google/android-json/0.0.20131108.vaadin1/android-json-0.0.20131108.vaadin1.jar:/Users/ifeanyionyejekwe/.m2/repository/org/springframework/spring-core/6.1.1/spring-core-6.1.1.jar:/Users/ifeanyionyejekwe/.m2/repository/org/springframework/spring-jcl/6.1.1/spring-jcl-6.1.1.jar:/Users/ifeanyionyejekwe/.m2/repository/org/springframework/spring-test/6.1.1/spring-test-6.1.1.jar:/Users/ifeanyionyejekwe/.m2/repository/org/xmlunit/xmlunit-core/2.9.1/xmlunit-core-2.9.1.jar:/Users/ifeanyionyejekwe/.m2/repository/io/projectreactor/reactor-test/3.6.0/reactor-test-3.6.0.jar:"/>
    <property name="sun.cpu.endian" value="little"/>
    <property name="user.home" value="/Users/ifeanyionyejekwe"/>
    <property name="user.language" value="en"/>
    <property name="java.specification.vendor" value="Oracle Corporation"/>
    <property name="java.version.date" value="2022-04-22"/>
    <property name="java.home" value="/opt/homebrew/Cellar/openjdk/18.0.1.1/libexec/openjdk.jdk/Contents/Home"/>
    <property name="file.separator" value="/"/>
    <property name="basedir" value="/Users/ifeanyionyejekwe/Downloads/task.manager"/>
    <property name="java.vm.compressedOopsMode" value="Zero based"/>
    <property name="line.separator" value="&#10;"/>
    <property name="java.vm.specification.vendor" value="Oracle Corporation"/>
    <property name="java.specification.name" value="Java Platform API Specification"/>
    <property name="FILE_LOG_CHARSET" value="UTF-8"/>
    <property name="java.awt.headless" value="true"/>
    <property name="apple.awt.application.name" value="ForkedBooter"/>
    <property name="surefire.real.class.path" value="/Users/ifeanyionyejekwe/Downloads/task.manager/target/surefire/surefirebooter-20231206202020305_3.jar"/>
    <property name="sun.management.compiler" value="HotSpot 64-Bit Tiered Compilers"/>
    <property name="ftp.nonProxyHosts" value="local|*.local|169.254/16|*.169.254/16"/>
    <property name="java.runtime.version" value="18.0.1.1+0"/>
    <property name="user.name" value="ifeanyionyejekwe"/>
    <property name="path.separator" value=":"/>
    <property name="os.version" value="13.4.1"/>
    <property name="java.runtime.name" value="OpenJDK Runtime Environment"/>
    <property name="file.encoding" value="UTF-8"/>
    <property name="java.vm.name" value="OpenJDK 64-Bit Server VM"/>
    <property name="java.vendor.version" value="Homebrew"/>
    <property name="localRepository" value="/Users/ifeanyionyejekwe/.m2/repository"/>
    <property name="java.vendor.url.bug" value="https://github.com/Homebrew/homebrew-core/issues"/>
    <property name="java.io.tmpdir" value="/var/folders/mf/gn8hc2wx7c959q88jdpxkccm0000gn/T/"/>
    <property name="java.version" value="18.0.1.1"/>
    <property name="user.dir" value="/Users/ifeanyionyejekwe/Downloads/task.manager"/>
    <property name="os.arch" value="aarch64"/>
    <property name="java.vm.specification.name" value="Java Virtual Machine Specification"/>
    <property name="PID" value="12130"/>
    <property name="CONSOLE_LOG_CHARSET" value="UTF-8"/>
    <property name="native.encoding" value="UTF-8"/>
    <property name="java.library.path" value="/Users/ifeanyionyejekwe/Library/Java/Extensions:/Library/Java/Extensions:/Network/Library/Java/Extensions:/System/Library/Java/Extensions:/usr/lib/java:."/>
    <property name="java.vm.info" value="mixed mode, sharing"/>
    <property name="java.vendor" value="Homebrew"/>
    <property name="java.vm.version" value="18.0.1.1+0"/>
    <property name="sun.io.unicode.encoding" value="UnicodeBig"/>
    <property name="socksNonProxyHosts" value="local|*.local|169.254/16|*.169.254/16"/>
    <property name="java.class.version" value="62.0"/>
  </properties>
  <testcase name="contextLoads" classname="com.avow.task.manager.ApplicationTests" time="0.465">
    <system-out><![CDATA[20:20:20.726 [main] INFO org.springframework.test.context.support.AnnotationConfigContextLoaderUtils -- Could not detect default configuration classes for test class [com.avow.task.manager.ApplicationTests]: ApplicationTests does not declare any static, non-private, non-final, nested classes annotated with @Configuration.
20:20:20.789 [main] INFO org.springframework.boot.test.context.SpringBootTestContextBootstrapper -- Found @SpringBootConfiguration com.avow.task.manager.Application for test class com.avow.task.manager.ApplicationTests
20:20:20.865 [main] INFO org.springframework.boot.devtools.restart.RestartApplicationListener -- Restart disabled due to context in which it is running

  .   ____          _            __ _ _
 /\\ / ___'_ __ _ _(_)_ __  __ _ \ \ \ \
( ( )\___ | '_ | '_| | '_ \/ _` | \ \ \ \
 \\/  ___)| |_)| | | | | || (_| |  ) ) ) )
  '  |____| .__|_| |_|_| |_\__, | / / / /
 =========|_|==============|___/=/_/_/_/
 :: Spring Boot ::                (v3.2.0)

2023-12-06T20:20:20.997+01:00  INFO 12130 --- [           main] com.avow.task.manager.ApplicationTests   : Starting ApplicationTests using Java 18.0.1.1 with PID 12130 (started by ifeanyionyejekwe in /Users/ifeanyionyejekwe/Downloads/task.manager)
2023-12-06T20:20:20.997+01:00  INFO 12130 --- [           main] com.avow.task.manager.ApplicationTests   : No active profile set, falling back to 1 default profile: "default"
2023-12-06T20:20:21.278+01:00  INFO 12130 --- [           main] .s.d.r.c.RepositoryConfigurationDelegate : Bootstrapping Spring Data R2DBC repositories in DEFAULT mode.
2023-12-06T20:20:21.350+01:00  INFO 12130 --- [           main] .s.d.r.c.RepositoryConfigurationDelegate : Finished Spring Data repository scanning in 70 ms. Found 1 R2DBC repository interface.
2023-12-06T20:20:21.890+01:00  INFO 12130 --- [           main] com.avow.task.manager.ApplicationTests   : Started ApplicationTests in 1.032 seconds (process running for 1.528)
]]></system-out>
  </testcase>
</testsuite>